\BOOKMARK [1][-]{section.1}{1. Introduction}{}
\BOOKMARK [2][-]{subsection.1.1}{1.1. Background: Simultaneous cores and rational catalan numbers}{section.1}
\BOOKMARK [2][-]{subsection.1.2}{1.2. Lattice Points}{section.1}
\BOOKMARK [2][-]{subsection.1.3}{1.3. }{section.1}
\BOOKMARK [2][-]{subsection.1.4}{1.4. Chamber dependence of core\(c\)}{section.1}
\BOOKMARK [2][-]{subsection.1.5}{1.5. Outline}{section.1}
\BOOKMARK [2][-]{subsection.1.6}{1.6. Acknowledgements}{section.1}
\BOOKMARK [1][-]{section.2}{2. Abaci and Electrons}{}
\BOOKMARK [2][-]{subsection.2.1}{2.1. The fermionic viewpoint}{section.2}
\BOOKMARK [2][-]{subsection.2.2}{2.2. Paths}{section.2}
\BOOKMARK [2][-]{subsection.2.3}{2.3. Abaci}{section.2}
\BOOKMARK [2][-]{subsection.2.4}{2.4. Bijections}{section.2}
\BOOKMARK [2][-]{subsection.2.5}{2.5. Size of an a-core}{section.2}
\BOOKMARK [1][-]{section.3}{3. Simultaneous Cores}{}
\BOOKMARK [2][-]{subsection.3.1}{3.1. \(a,b\)-cores form a simplex}{section.3}
\BOOKMARK [2][-]{subsection.3.2}{3.2. The size of simultaneous cores}{section.3}
\BOOKMARK [1][-]{section.4}{4. Toward q-analogs}{}
\BOOKMARK [2][-]{subsection.4.1}{4.1. q-numbers}{section.4}
\BOOKMARK [2][-]{subsection.4.2}{4.2. Graded vector spaces}{section.4}
\BOOKMARK [2][-]{subsection.4.3}{4.3. A q-version of cone decompositions}{section.4}
\BOOKMARK [2][-]{subsection.4.4}{4.4. Sublattices and shifting}{section.4}
\BOOKMARK [1][-]{section.5}{5. Toward \(q,t\)-analogs}{}
\BOOKMARK [2][-]{subsection.5.1}{5.1. Simultaneous cores and \(q,t\)-rational Catalan numbers}{section.5}
\BOOKMARK [2][-]{subsection.5.2}{5.2. Length and Skew Length are piecewise linear}{section.5}
\BOOKMARK [2][-]{subsection.5.3}{5.3. Low degree \(q,t\)-symmetry}{section.5}
\BOOKMARK [2][-]{subsection.5.4}{5.4. Proof of Lemma 5.17}{section.5}
\BOOKMARK [2][-]{subsection.5.5}{5.5. Proof of Lemma 5.18}{section.5}
\BOOKMARK [1][-]{section*.1}{References}{}
